<?xml version="1.0" encoding="UTF-8"?>
<!-- Generated by org.testng.reporters.JUnitReportReporter -->
<testsuite hostname="LAPTOP-1FSJSJE8" failures="0" tests="2" name="testsPackage.SampleTest" time="48.680" errors="0" timestamp="2022-10-19T07:49:39 IST" skipped="0">
  <testcase classname="testsPackage.SampleTest" name="guestCheckout" time="22.902"/>
  <system-out/>
  <testcase classname="testsPackage.SampleTest" name="loginAndCheckout" time="25.778"/>
  <system-out/>
</testsuite> <!-- testsPackage.SampleTest -->
